Analysis & Synthesis report for top
Mon Dec 13 19:49:42 2021
Quartus Prime Version 20.1.1 Build 720 11/11/2020 SJ Lite Edition


---------------------
; Table of Contents ;
---------------------
  1. Legal Notice
  2. Analysis & Synthesis Summary
  3. Analysis & Synthesis Settings
  4. Parallel Compilation
  5. Analysis & Synthesis Source Files Read
  6. Analysis & Synthesis Resource Usage Summary
  7. Analysis & Synthesis Resource Utilization by Entity
  8. Registers Removed During Synthesis
  9. General Register Statistics
 10. Multiplexer Restructuring Statistics (Restructuring Performed)
 11. Port Connectivity Checks: "sevenseg_display:sevenseg_display"
 12. Post-Synthesis Netlist Statistics for Top Partition
 13. Elapsed Time Per Partition
 14. Analysis & Synthesis Messages



----------------
; Legal Notice ;
----------------
Copyright (C) 2020  Intel Corporation. All rights reserved.
Your use of Intel Corporation's design tools, logic functions 
and other software and tools, and any partner logic 
functions, and any output files from any of the foregoing 
(including device programming or simulation files), and any 
associated documentation or information are expressly subject 
to the terms and conditions of the Intel Program License 
Subscription Agreement, the Intel Quartus Prime License Agreement,
the Intel FPGA IP License Agreement, or other applicable license
agreement, including, without limitation, that your use is for
the sole purpose of programming logic devices manufactured by
Intel and sold by Intel or its authorized distributors.  Please
refer to the applicable agreement for further details, at
https://fpgasoftware.intel.com/eula.



+----------------------------------------------------------------------------------+
; Analysis & Synthesis Summary                                                     ;
+------------------------------------+---------------------------------------------+
; Analysis & Synthesis Status        ; Successful - Mon Dec 13 19:49:42 2021       ;
; Quartus Prime Version              ; 20.1.1 Build 720 11/11/2020 SJ Lite Edition ;
; Revision Name                      ; top                                         ;
; Top-level Entity Name              ; top                                         ;
; Family                             ; Cyclone IV E                                ;
; Total logic elements               ; 94                                          ;
;     Total combinational functions  ; 78                                          ;
;     Dedicated logic registers      ; 66                                          ;
; Total registers                    ; 66                                          ;
; Total pins                         ; 12                                          ;
; Total virtual pins                 ; 0                                           ;
; Total memory bits                  ; 0                                           ;
; Embedded Multiplier 9-bit elements ; 0                                           ;
; Total PLLs                         ; 0                                           ;
+------------------------------------+---------------------------------------------+


+------------------------------------------------------------------------------------------------------------+
; Analysis & Synthesis Settings                                                                              ;
+------------------------------------------------------------------+--------------------+--------------------+
; Option                                                           ; Setting            ; Default Value      ;
+------------------------------------------------------------------+--------------------+--------------------+
; Device                                                           ; EP4CE6E22C8        ;                    ;
; Top-level entity name                                            ; top                ; top                ;
; Family name                                                      ; Cyclone IV E       ; Cyclone V          ;
; Use smart compilation                                            ; Off                ; Off                ;
; Enable parallel Assembler and Timing Analyzer during compilation ; On                 ; On                 ;
; Enable compact report table                                      ; Off                ; Off                ;
; Restructure Multiplexers                                         ; Auto               ; Auto               ;
; Create Debugging Nodes for IP Cores                              ; Off                ; Off                ;
; Preserve fewer node names                                        ; On                 ; On                 ;
; Intel FPGA IP Evaluation Mode                                    ; Enable             ; Enable             ;
; Verilog Version                                                  ; Verilog_2001       ; Verilog_2001       ;
; VHDL Version                                                     ; VHDL_1993          ; VHDL_1993          ;
; State Machine Processing                                         ; Auto               ; Auto               ;
; Safe State Machine                                               ; Off                ; Off                ;
; Extract Verilog State Machines                                   ; On                 ; On                 ;
; Extract VHDL State Machines                                      ; On                 ; On                 ;
; Ignore Verilog initial constructs                                ; Off                ; Off                ;
; Iteration limit for constant Verilog loops                       ; 5000               ; 5000               ;
; Iteration limit for non-constant Verilog loops                   ; 250                ; 250                ;
; Add Pass-Through Logic to Inferred RAMs                          ; On                 ; On                 ;
; Infer RAMs from Raw Logic                                        ; On                 ; On                 ;
; Parallel Synthesis                                               ; On                 ; On                 ;
; DSP Block Balancing                                              ; Auto               ; Auto               ;
; NOT Gate Push-Back                                               ; On                 ; On                 ;
; Power-Up Don't Care                                              ; On                 ; On                 ;
; Remove Redundant Logic Cells                                     ; Off                ; Off                ;
; Remove Duplicate Registers                                       ; On                 ; On                 ;
; Ignore CARRY Buffers                                             ; Off                ; Off                ;
; Ignore CASCADE Buffers                                           ; Off                ; Off                ;
; Ignore GLOBAL Buffers                                            ; Off                ; Off                ;
; Ignore ROW GLOBAL Buffers                                        ; Off                ; Off                ;
; Ignore LCELL Buffers                                             ; Off                ; Off                ;
; Ignore SOFT Buffers                                              ; On                 ; On                 ;
; Limit AHDL Integers to 32 Bits                                   ; Off                ; Off                ;
; Optimization Technique                                           ; Balanced           ; Balanced           ;
; Carry Chain Length                                               ; 70                 ; 70                 ;
; Auto Carry Chains                                                ; On                 ; On                 ;
; Auto Open-Drain Pins                                             ; On                 ; On                 ;
; Perform WYSIWYG Primitive Resynthesis                            ; Off                ; Off                ;
; Auto ROM Replacement                                             ; On                 ; On                 ;
; Auto RAM Replacement                                             ; On                 ; On                 ;
; Auto DSP Block Replacement                                       ; On                 ; On                 ;
; Auto Shift Register Replacement                                  ; Auto               ; Auto               ;
; Allow Shift Register Merging across Hierarchies                  ; Auto               ; Auto               ;
; Auto Clock Enable Replacement                                    ; On                 ; On                 ;
; Strict RAM Replacement                                           ; Off                ; Off                ;
; Allow Synchronous Control Signals                                ; On                 ; On                 ;
; Force Use of Synchronous Clear Signals                           ; Off                ; Off                ;
; Auto RAM Block Balancing                                         ; On                 ; On                 ;
; Auto RAM to Logic Cell Conversion                                ; Off                ; Off                ;
; Auto Resource Sharing                                            ; Off                ; Off                ;
; Allow Any RAM Size For Recognition                               ; Off                ; Off                ;
; Allow Any ROM Size For Recognition                               ; Off                ; Off                ;
; Allow Any Shift Register Size For Recognition                    ; Off                ; Off                ;
; Use LogicLock Constraints during Resource Balancing              ; On                 ; On                 ;
; Ignore translate_off and synthesis_off directives                ; Off                ; Off                ;
; Timing-Driven Synthesis                                          ; On                 ; On                 ;
; Report Parameter Settings                                        ; On                 ; On                 ;
; Report Source Assignments                                        ; On                 ; On                 ;
; Report Connectivity Checks                                       ; On                 ; On                 ;
; Ignore Maximum Fan-Out Assignments                               ; Off                ; Off                ;
; Synchronization Register Chain Length                            ; 2                  ; 2                  ;
; Power Optimization During Synthesis                              ; Normal compilation ; Normal compilation ;
; HDL message level                                                ; Level2             ; Level2             ;
; Suppress Register Optimization Related Messages                  ; Off                ; Off                ;
; Number of Removed Registers Reported in Synthesis Report         ; 5000               ; 5000               ;
; Number of Swept Nodes Reported in Synthesis Report               ; 5000               ; 5000               ;
; Number of Inverted Registers Reported in Synthesis Report        ; 100                ; 100                ;
; Clock MUX Protection                                             ; On                 ; On                 ;
; Auto Gated Clock Conversion                                      ; Off                ; Off                ;
; Block Design Naming                                              ; Auto               ; Auto               ;
; SDC constraint protection                                        ; Off                ; Off                ;
; Synthesis Effort                                                 ; Auto               ; Auto               ;
; Shift Register Replacement - Allow Asynchronous Clear Signal     ; On                 ; On                 ;
; Pre-Mapping Resynthesis Optimization                             ; Off                ; Off                ;
; Analysis & Synthesis Message Level                               ; Medium             ; Medium             ;
; Disable Register Merging Across Hierarchies                      ; Auto               ; Auto               ;
; Resource Aware Inference For Block RAM                           ; On                 ; On                 ;
+------------------------------------------------------------------+--------------------+--------------------+


+------------------------------------------+
; Parallel Compilation                     ;
+----------------------------+-------------+
; Processors                 ; Number      ;
+----------------------------+-------------+
; Number detected on machine ; 12          ;
; Maximum allowed            ; 12          ;
;                            ;             ;
; Average used               ; 1.00        ;
; Maximum used               ; 12          ;
;                            ;             ;
; Usage by Processor         ; % Time Used ;
;     Processor 1            ; 100.0%      ;
;     Processor 2            ;   0.0%      ;
;     Processors 3-12        ;   0.0%      ;
+----------------------------+-------------+


+----------------------------------------------------------------------------------------------------------------------------------------------+
; Analysis & Synthesis Source Files Read                                                                                                       ;
+----------------------------------+-----------------+------------------------------+------------------------------------------------+---------+
; File Name with User-Entered Path ; Used in Netlist ; File Type                    ; File Name with Absolute Path                   ; Library ;
+----------------------------------+-----------------+------------------------------+------------------------------------------------+---------+
; display_counter.v                ; yes             ; User Verilog HDL File        ; /home/aleksei/tasks_Is/task3/display_counter.v ;         ;
; top.v                            ; yes             ; Auto-Found Verilog HDL File  ; /home/aleksei/tasks_Is/task3/top.v             ;         ;
; master_spi.v                     ; yes             ; Auto-Found Verilog HDL File  ; /home/aleksei/tasks_Is/task3/master_spi.v      ;         ;
; slave_spi.v                      ; yes             ; Auto-Found Verilog HDL File  ; /home/aleksei/tasks_Is/task3/slave_spi.v       ;         ;
; hex_table.v                      ; yes             ; Auto-Found Verilog HDL File  ; /home/aleksei/tasks_Is/task3/hex_table.v       ;         ;
+----------------------------------+-----------------+------------------------------+------------------------------------------------+---------+


+-----------------------------------------------------------------+
; Analysis & Synthesis Resource Usage Summary                     ;
+---------------------------------------------+-------------------+
; Resource                                    ; Usage             ;
+---------------------------------------------+-------------------+
; Estimated Total logic elements              ; 94                ;
;                                             ;                   ;
; Total combinational functions               ; 78                ;
; Logic element usage by number of LUT inputs ;                   ;
;     -- 4 input functions                    ; 14                ;
;     -- 3 input functions                    ; 13                ;
;     -- <=2 input functions                  ; 51                ;
;                                             ;                   ;
; Logic elements by mode                      ;                   ;
;     -- normal mode                          ; 41                ;
;     -- arithmetic mode                      ; 37                ;
;                                             ;                   ;
; Total registers                             ; 66                ;
;     -- Dedicated logic registers            ; 66                ;
;     -- I/O registers                        ; 0                 ;
;                                             ;                   ;
; I/O pins                                    ; 12                ;
;                                             ;                   ;
; Embedded Multiplier 9-bit elements          ; 0                 ;
;                                             ;                   ;
; Maximum fan-out node                        ; counter_clock[21] ;
; Maximum fan-out                             ; 23                ;
; Total fan-out                               ; 371               ;
; Average fan-out                             ; 2.21              ;
+---------------------------------------------+-------------------+


+------------------------------------------------------------------------------------------------------------------------------------------------------------------------------------------------------------------------------------------------------------------+
; Analysis & Synthesis Resource Utilization by Entity                                                                                                                                                                                                              ;
+----------------------------------------+---------------------+---------------------------+-------------+--------------+---------+-----------+------+--------------+------------------------------------------------------------+------------------+--------------+
; Compilation Hierarchy Node             ; Combinational ALUTs ; Dedicated Logic Registers ; Memory Bits ; DSP Elements ; DSP 9x9 ; DSP 18x18 ; Pins ; Virtual Pins ; Full Hierarchy Name                                        ; Entity Name      ; Library Name ;
+----------------------------------------+---------------------+---------------------------+-------------+--------------+---------+-----------+------+--------------+------------------------------------------------------------+------------------+--------------+
; |top                                   ; 78 (34)             ; 66 (23)                   ; 0           ; 0            ; 0       ; 0         ; 12   ; 0            ; |top                                                       ; top              ; work         ;
;    |master_spi:master_spi|             ; 23 (23)             ; 21 (21)                   ; 0           ; 0            ; 0       ; 0         ; 0    ; 0            ; |top|master_spi:master_spi                                 ; master_spi       ; work         ;
;    |sevenseg_display:sevenseg_display| ; 17 (10)             ; 2 (2)                     ; 0           ; 0            ; 0       ; 0         ; 0    ; 0            ; |top|sevenseg_display:sevenseg_display                     ; sevenseg_display ; work         ;
;       |hex_table:hex_table|            ; 7 (7)               ; 0 (0)                     ; 0           ; 0            ; 0       ; 0         ; 0    ; 0            ; |top|sevenseg_display:sevenseg_display|hex_table:hex_table ; hex_table        ; work         ;
;    |slave_spi:slave_spi|               ; 4 (4)               ; 20 (20)                   ; 0           ; 0            ; 0       ; 0         ; 0    ; 0            ; |top|slave_spi:slave_spi                                   ; slave_spi        ; work         ;
+----------------------------------------+---------------------+---------------------------+-------------+--------------+---------+-----------+------+--------------+------------------------------------------------------------+------------------+--------------+
Note: For table entries with two numbers listed, the numbers in parentheses indicate the number of resources of the given type used by the specific entity alone. The numbers listed outside of parentheses indicate the total resources of the given type used by the specific entity and all of its sub-entities in the hierarchy.


+-------------------------------------------------------------------------------------------+
; Registers Removed During Synthesis                                                        ;
+----------------------------------------+--------------------------------------------------+
; Register name                          ; Reason for Removal                               ;
+----------------------------------------+--------------------------------------------------+
; master_spi:master_spi|position[3]      ; Merged with master_spi:master_spi|div_counter[3] ;
; master_spi:master_spi|position[2]      ; Merged with master_spi:master_spi|div_counter[2] ;
; master_spi:master_spi|position[1]      ; Merged with master_spi:master_spi|div_counter[1] ;
; master_spi:master_spi|position[0]      ; Merged with master_spi:master_spi|div_counter[0] ;
; counter_clock[0]                       ; Merged with sevenseg_clock[0]                    ;
; sevenseg_clock[1]                      ; Merged with counter_clock[1]                     ;
; sevenseg_clock[2]                      ; Merged with counter_clock[2]                     ;
; sevenseg_clock[3]                      ; Merged with counter_clock[3]                     ;
; sevenseg_clock[4]                      ; Merged with counter_clock[4]                     ;
; sevenseg_clock[5]                      ; Merged with counter_clock[5]                     ;
; sevenseg_clock[6]                      ; Merged with counter_clock[6]                     ;
; sevenseg_clock[7]                      ; Merged with counter_clock[7]                     ;
; sevenseg_clock[8]                      ; Merged with counter_clock[8]                     ;
; sevenseg_clock[9]                      ; Merged with counter_clock[9]                     ;
; sevenseg_clock[10]                     ; Merged with counter_clock[10]                    ;
; sevenseg_clock[11]                     ; Merged with counter_clock[11]                    ;
; Total Number of Removed Registers = 16 ;                                                  ;
+----------------------------------------+--------------------------------------------------+


+------------------------------------------------------+
; General Register Statistics                          ;
+----------------------------------------------+-------+
; Statistic                                    ; Value ;
+----------------------------------------------+-------+
; Total registers                              ; 66    ;
; Number of registers using Synchronous Clear  ; 3     ;
; Number of registers using Synchronous Load   ; 0     ;
; Number of registers using Asynchronous Clear ; 0     ;
; Number of registers using Asynchronous Load  ; 0     ;
; Number of registers using Clock Enable       ; 23    ;
; Number of registers using Preset             ; 0     ;
+----------------------------------------------+-------+


+-----------------------------------------------------------------------------------------------------------------------------------------------------------+
; Multiplexer Restructuring Statistics (Restructuring Performed)                                                                                            ;
+--------------------+-----------+---------------+----------------------+------------------------+------------+---------------------------------------------+
; Multiplexer Inputs ; Bus Width ; Baseline Area ; Area if Restructured ; Saving if Restructured ; Registered ; Example Multiplexer Output                  ;
+--------------------+-----------+---------------+----------------------+------------------------+------------+---------------------------------------------+
; 4:1                ; 4 bits    ; 8 LEs         ; 8 LEs                ; 0 LEs                  ; No         ; |top|sevenseg_display:sevenseg_display|Mux0 ;
+--------------------+-----------+---------------+----------------------+------------------------+------------+---------------------------------------------+


+---------------------------------------------------------------+
; Port Connectivity Checks: "sevenseg_display:sevenseg_display" ;
+-----------------+-------+----------+--------------------------+
; Port            ; Type  ; Severity ; Details                  ;
+-----------------+-------+----------+--------------------------+
; position[15..8] ; Input ; Info     ; Stuck at GND             ;
+-----------------+-------+----------+--------------------------+


+-----------------------------------------------------+
; Post-Synthesis Netlist Statistics for Top Partition ;
+-----------------------+-----------------------------+
; Type                  ; Count                       ;
+-----------------------+-----------------------------+
; boundary_port         ; 12                          ;
; cycloneiii_ff         ; 66                          ;
;     ENA               ; 23                          ;
;     SCLR              ; 3                           ;
;     plain             ; 40                          ;
; cycloneiii_lcell_comb ; 86                          ;
;     arith             ; 37                          ;
;         2 data inputs ; 34                          ;
;         3 data inputs ; 3                           ;
;     normal            ; 49                          ;
;         1 data inputs ; 15                          ;
;         2 data inputs ; 10                          ;
;         3 data inputs ; 10                          ;
;         4 data inputs ; 14                          ;
;                       ;                             ;
; Max LUT depth         ; 3.00                        ;
; Average LUT depth     ; 1.89                        ;
+-----------------------+-----------------------------+


+-------------------------------+
; Elapsed Time Per Partition    ;
+----------------+--------------+
; Partition Name ; Elapsed Time ;
+----------------+--------------+
; Top            ; 00:00:00     ;
+----------------+--------------+


+-------------------------------+
; Analysis & Synthesis Messages ;
+-------------------------------+
Info: *******************************************************************
Info: Running Quartus Prime Analysis & Synthesis
    Info: Version 20.1.1 Build 720 11/11/2020 SJ Lite Edition
    Info: Processing started: Mon Dec 13 19:49:37 2021
Info: Command: quartus_map --read_settings_files=on --write_settings_files=off task3 -c top
Warning (18236): Number of processors has not been specified which may cause overloading on shared machines.  Set the global assignment NUM_PARALLEL_PROCESSORS in your QSF to an appropriate value for best performance.
Info (20030): Parallel compilation is enabled and will use 12 of the 12 processors detected
Info (12021): Found 1 design units, including 1 entities, in source file display_counter.v
    Info (12023): Found entity 1: sevenseg_display File: /home/aleksei/tasks_Is/task3/display_counter.v Line: 1
Warning (12125): Using design file top.v, which is not specified as a design file for the current project, but contains definitions for 1 design units and 1 entities in project
    Info (12023): Found entity 1: top File: /home/aleksei/tasks_Is/task3/top.v Line: 1
Warning (10236): Verilog HDL Implicit Net warning at top.v(23): created implicit net for "clock_seg" File: /home/aleksei/tasks_Is/task3/top.v Line: 23
Warning (10236): Verilog HDL Implicit Net warning at top.v(30): created implicit net for "clock_last" File: /home/aleksei/tasks_Is/task3/top.v Line: 30
Warning (10236): Verilog HDL Implicit Net warning at top.v(35): created implicit net for "mosi" File: /home/aleksei/tasks_Is/task3/top.v Line: 35
Warning (10236): Verilog HDL Implicit Net warning at top.v(35): created implicit net for "miso" File: /home/aleksei/tasks_Is/task3/top.v Line: 35
Warning (10236): Verilog HDL Implicit Net warning at top.v(35): created implicit net for "clock_spi" File: /home/aleksei/tasks_Is/task3/top.v Line: 35
Info (12127): Elaborating entity "top" for the top level hierarchy
Warning (10230): Verilog HDL assignment warning at top.v(20): truncated value with size 32 to match size of target (13) File: /home/aleksei/tasks_Is/task3/top.v Line: 20
Warning (10230): Verilog HDL assignment warning at top.v(27): truncated value with size 32 to match size of target (22) File: /home/aleksei/tasks_Is/task3/top.v Line: 27
Warning (12125): Using design file master_spi.v, which is not specified as a design file for the current project, but contains definitions for 1 design units and 1 entities in project
    Info (12023): Found entity 1: master_spi File: /home/aleksei/tasks_Is/task3/master_spi.v Line: 1
Info (12128): Elaborating entity "master_spi" for hierarchy "master_spi:master_spi" File: /home/aleksei/tasks_Is/task3/top.v Line: 35
Warning (10230): Verilog HDL assignment warning at master_spi.v(25): truncated value with size 32 to match size of target (4) File: /home/aleksei/tasks_Is/task3/master_spi.v Line: 25
Warning (10230): Verilog HDL assignment warning at master_spi.v(29): truncated value with size 32 to match size of target (8) File: /home/aleksei/tasks_Is/task3/master_spi.v Line: 29
Warning (10230): Verilog HDL assignment warning at master_spi.v(31): truncated value with size 32 to match size of target (4) File: /home/aleksei/tasks_Is/task3/master_spi.v Line: 31
Warning (12125): Using design file slave_spi.v, which is not specified as a design file for the current project, but contains definitions for 1 design units and 1 entities in project
    Info (12023): Found entity 1: slave_spi File: /home/aleksei/tasks_Is/task3/slave_spi.v Line: 1
Info (12128): Elaborating entity "slave_spi" for hierarchy "slave_spi:slave_spi" File: /home/aleksei/tasks_Is/task3/top.v Line: 37
Warning (10230): Verilog HDL assignment warning at slave_spi.v(21): truncated value with size 32 to match size of target (4) File: /home/aleksei/tasks_Is/task3/slave_spi.v Line: 21
Info (12128): Elaborating entity "sevenseg_display" for hierarchy "sevenseg_display:sevenseg_display" File: /home/aleksei/tasks_Is/task3/top.v Line: 39
Warning (12125): Using design file hex_table.v, which is not specified as a design file for the current project, but contains definitions for 1 design units and 1 entities in project
    Info (12023): Found entity 1: hex_table File: /home/aleksei/tasks_Is/task3/hex_table.v Line: 1
Info (12128): Elaborating entity "hex_table" for hierarchy "sevenseg_display:sevenseg_display|hex_table:hex_table" File: /home/aleksei/tasks_Is/task3/display_counter.v Line: 19
Info (286030): Timing-Driven Synthesis is running
Info (16010): Generating hard_block partition "hard_block:auto_generated_inst"
    Info (16011): Adding 0 node(s), including 0 DDIO, 0 PLL, 0 transceiver and 0 LCELL
Info (21057): Implemented 106 device resources after synthesis - the final resource count might be different
    Info (21058): Implemented 1 input pins
    Info (21059): Implemented 11 output pins
    Info (21061): Implemented 94 logic cells
Info: Quartus Prime Analysis & Synthesis was successful. 0 errors, 16 warnings
    Info: Peak virtual memory: 471 megabytes
    Info: Processing ended: Mon Dec 13 19:49:42 2021
    Info: Elapsed time: 00:00:05
    Info: Total CPU time (on all processors): 00:00:13


